{
  "RSpec": {
    "coverage": {
      "/Users/clayash/turing/3module/projects/sweater_weather/app/facades/food_facade.rb": {
        "lines": [
          1,
          null,
          1,
          3,
          3,
          60,
          null,
          null,
          null
        ]
      },
      "/Users/clayash/turing/3module/projects/sweater_weather/app/facades/forecast_facade.rb": {
        "lines": [
          1,
          1,
          8,
          8,
          null,
          null,
          1,
          3,
          3,
          null,
          null
        ]
      },
      "/Users/clayash/turing/3module/projects/sweater_weather/app/facades/location_facade.rb": {
        "lines": [
          1,
          1,
          5,
          5,
          null,
          null
        ]
      },
      "/Users/clayash/turing/3module/projects/sweater_weather/app/poros/current_forecast.rb": {
        "lines": [
          1,
          1,
          null,
          null,
          null,
          null,
          null,
          null,
          null,
          null,
          null,
          null,
          1,
          8,
          8,
          8,
          8,
          8,
          8,
          8,
          8,
          8,
          8,
          null,
          null,
          1,
          24,
          null,
          null,
          1,
          8,
          null,
          null
        ]
      },
      "/Users/clayash/turing/3module/projects/sweater_weather/app/poros/day_forecast.rb": {
        "lines": [
          1,
          1,
          null,
          null,
          null,
          null,
          null,
          null,
          null,
          1,
          40,
          40,
          40,
          40,
          40,
          40,
          40,
          null,
          null,
          1,
          40,
          40,
          null,
          null,
          1,
          80,
          null,
          null,
          1,
          40,
          null,
          null
        ]
      },
      "/Users/clayash/turing/3module/projects/sweater_weather/app/poros/food.rb": {
        "lines": [
          1,
          1,
          null,
          null,
          null,
          null,
          null,
          null,
          null,
          1,
          60,
          60,
          60,
          60,
          60,
          60,
          60,
          null,
          null
        ]
      },
      "/Users/clayash/turing/3module/projects/sweater_weather/app/poros/forecast.rb": {
        "lines": [
          1,
          1,
          null,
          null,
          null,
          null,
          null,
          1,
          8,
          8,
          8,
          8,
          8,
          null,
          null,
          1,
          8,
          null,
          null,
          1,
          8,
          40,
          null,
          null,
          null,
          1,
          8,
          64,
          null,
          null,
          null
        ]
      },
      "/Users/clayash/turing/3module/projects/sweater_weather/app/poros/hour_forecast.rb": {
        "lines": [
          1,
          1,
          null,
          null,
          null,
          null,
          1,
          64,
          64,
          64,
          64,
          null,
          null,
          1,
          64,
          null,
          null,
          1,
          64,
          null,
          null
        ]
      },
      "/Users/clayash/turing/3module/projects/sweater_weather/app/poros/short_forecast.rb": {
        "lines": [
          1,
          1,
          null,
          1,
          3,
          3,
          null,
          null
        ]
      },
      "/Users/clayash/turing/3module/projects/sweater_weather/app/services/food_service.rb": {
        "lines": [
          1,
          null,
          1,
          4,
          4,
          4,
          4,
          null,
          4,
          4,
          null,
          null
        ]
      },
      "/Users/clayash/turing/3module/projects/sweater_weather/app/services/base_service.rb": {
        "lines": [
          1,
          null,
          1,
          22,
          null,
          null
        ]
      },
      "/Users/clayash/turing/3module/projects/sweater_weather/app/services/forecast_service.rb": {
        "lines": [
          1,
          null,
          1,
          12,
          12,
          12,
          12,
          12,
          null,
          12,
          12,
          null,
          null
        ]
      },
      "/Users/clayash/turing/3module/projects/sweater_weather/app/services/location_service.rb": {
        "lines": [
          1,
          null,
          1,
          6,
          6,
          6,
          null,
          6,
          6,
          null,
          null
        ]
      },
      "/Users/clayash/turing/3module/projects/sweater_weather/app/controllers/api/v1/food_controller.rb": {
        "lines": [
          1,
          null,
          1,
          1,
          1,
          1,
          null,
          1,
          null,
          null
        ]
      },
      "/Users/clayash/turing/3module/projects/sweater_weather/app/serializers/food_weather_serializer.rb": {
        "lines": [
          1,
          null,
          1,
          null,
          1,
          null,
          null,
          null,
          null,
          null,
          null,
          null,
          null,
          null,
          null,
          null,
          null,
          null,
          null,
          null,
          null,
          null
        ]
      },
      "/Users/clayash/turing/3module/projects/sweater_weather/app/controllers/api/v1/forecast_controller.rb": {
        "lines": [
          1,
          null,
          1,
          3,
          3,
          3,
          null,
          null
        ]
      },
      "/Users/clayash/turing/3module/projects/sweater_weather/app/serializers/forecast_serializer.rb": {
        "lines": [
          1,
          1,
          1,
          null,
          null,
          null,
          null,
          null
        ]
      }
    },
    "timestamp": 1659988637
  }
}
