{
  "RSpec": {
    "coverage": {
      "/Users/clayash/turing/3module/projects/sweater_weather/app/facades/forecast_facade.rb": {
        "lines": [
          1,
          null,
          1,
          14,
          14,
          null,
          null
        ]
      },
      "/Users/clayash/turing/3module/projects/sweater_weather/app/facades/location_facade.rb": {
        "lines": [
          1,
          1,
          7,
          7,
          null,
          null,
          1,
          6,
          6,
          null,
          null
        ]
      },
      "/Users/clayash/turing/3module/projects/sweater_weather/app/models/user.rb": {
        "lines": [
          1,
          1,
          1,
          1,
          1,
          null,
          1,
          8,
          null,
          null,
          1,
          8,
          null,
          null
        ]
      },
      "/Users/clayash/turing/3module/projects/sweater_weather/app/poros/current_forecast.rb": {
        "lines": [
          1,
          1,
          null,
          null,
          null,
          null,
          null,
          null,
          null,
          null,
          null,
          null,
          1,
          14,
          14,
          14,
          14,
          14,
          14,
          14,
          14,
          14,
          14,
          null,
          null,
          1,
          42,
          null,
          null,
          1,
          14,
          null,
          null
        ]
      },
      "/Users/clayash/turing/3module/projects/sweater_weather/app/poros/day_forecast.rb": {
        "lines": [
          1,
          1,
          null,
          null,
          null,
          null,
          null,
          null,
          null,
          null,
          1,
          182,
          182,
          182,
          182,
          182,
          182,
          182,
          182,
          null,
          null,
          1,
          182,
          null,
          null,
          1,
          182,
          182,
          null,
          null,
          1,
          364,
          null,
          null,
          1,
          182,
          null,
          null
        ]
      },
      "/Users/clayash/turing/3module/projects/sweater_weather/app/poros/forecast.rb": {
        "lines": [
          1,
          1,
          null,
          null,
          null,
          null,
          null,
          null,
          null,
          1,
          14,
          14,
          14,
          14,
          14,
          null,
          14,
          14,
          null,
          null,
          1,
          14,
          null,
          null,
          1,
          14,
          70,
          null,
          null,
          null,
          1,
          14,
          112,
          null,
          null,
          null,
          1,
          14,
          112,
          null,
          null,
          null,
          1,
          14,
          672,
          null,
          null,
          null
        ]
      },
      "/Users/clayash/turing/3module/projects/sweater_weather/app/poros/hour_forecast.rb": {
        "lines": [
          1,
          1,
          null,
          null,
          null,
          null,
          1,
          784,
          784,
          784,
          784,
          null,
          null,
          1,
          784,
          null,
          null,
          1,
          784,
          null,
          null
        ]
      },
      "/Users/clayash/turing/3module/projects/sweater_weather/app/poros/trip.rb": {
        "lines": [
          1,
          1,
          null,
          null,
          null,
          null,
          null,
          null,
          null,
          1,
          6,
          6,
          6,
          6,
          6,
          6,
          6,
          null,
          null,
          1,
          6,
          5,
          null,
          1,
          null,
          null,
          null,
          1,
          6,
          5,
          null,
          1,
          null,
          null,
          null
        ]
      },
      "/Users/clayash/turing/3module/projects/sweater_weather/app/services/forecast_service.rb": {
        "lines": [
          1,
          null,
          1,
          15,
          15,
          15,
          15,
          15,
          null,
          15,
          15,
          null,
          null
        ]
      },
      "/Users/clayash/turing/3module/projects/sweater_weather/app/services/base_service.rb": {
        "lines": [
          1,
          null,
          1,
          30,
          null,
          null
        ]
      },
      "/Users/clayash/turing/3module/projects/sweater_weather/app/services/location_service.rb": {
        "lines": [
          1,
          null,
          1,
          8,
          8,
          8,
          null,
          8,
          8,
          null,
          null,
          1,
          7,
          7,
          7,
          7,
          null,
          7,
          7,
          null,
          null
        ]
      },
      "/Users/clayash/turing/3module/projects/sweater_weather/app/controllers/api/v1/forecast_controller.rb": {
        "lines": [
          1,
          null,
          1,
          3,
          3,
          3,
          null,
          null
        ]
      },
      "/Users/clayash/turing/3module/projects/sweater_weather/app/serializers/forecast_serializer.rb": {
        "lines": [
          1,
          1,
          1,
          null,
          null,
          null,
          null,
          null
        ]
      },
      "/Users/clayash/turing/3module/projects/sweater_weather/app/controllers/api/v1/sessions_controller.rb": {
        "lines": [
          1,
          null,
          1,
          2,
          2,
          1,
          1,
          null,
          1,
          null,
          null,
          null,
          1,
          null,
          1,
          4,
          null,
          null
        ]
      },
      "/Users/clayash/turing/3module/projects/sweater_weather/app/serializers/user_serializer.rb": {
        "lines": [
          1,
          1,
          1,
          null,
          null
        ]
      },
      "/Users/clayash/turing/3module/projects/sweater_weather/app/controllers/api/v1/trip_controller.rb": {
        "lines": [
          1,
          null,
          1,
          3,
          2,
          2,
          2,
          2,
          null,
          1,
          null,
          null,
          null,
          1,
          null,
          1,
          13,
          null,
          null
        ]
      },
      "/Users/clayash/turing/3module/projects/sweater_weather/app/serializers/trip_serializer.rb": {
        "lines": [
          1,
          null,
          1,
          2,
          null,
          1,
          null,
          null,
          null,
          null,
          null,
          null,
          null,
          null,
          null,
          null,
          null,
          1,
          null,
          null,
          null,
          null,
          null,
          null,
          null,
          null,
          null,
          null,
          null,
          null,
          null,
          null,
          null,
          null
        ]
      },
      "/Users/clayash/turing/3module/projects/sweater_weather/app/controllers/api/v1/users_controller.rb": {
        "lines": [
          1,
          null,
          1,
          2,
          2,
          1,
          1,
          null,
          1,
          null,
          null,
          null,
          1,
          null,
          1,
          2,
          null,
          null
        ]
      }
    },
    "timestamp": 1660070597
  }
}
